<?xml version="1.0" encoding="UTF-8"?>
<testng-results ignored="0" total="1" passed="1" failed="0" skipped="0">
  <reporter-output>
  </reporter-output>
  <suite started-at="2021-02-10T11:12:55 BRT" name="Surefire suite" finished-at="2021-02-10T11:12:55 BRT" duration-ms="119">
    <groups>
    </groups>
    <test started-at="2021-02-10T11:12:55 BRT" name="Surefire test" finished-at="2021-02-10T11:12:55 BRT" duration-ms="119">
      <class name="teste.FY21.AppTest">
        <test-method signature="shouldAnswerWithTrue()" started-at="2021-02-10T11:12:55 BRT" name="shouldAnswerWithTrue" finished-at="2021-02-10T11:12:55 BRT" duration-ms="18" status="PASS">
          <reporter-output>
          </reporter-output>
        </test-method> <!-- shouldAnswerWithTrue -->
      </class> <!-- teste.FY21.AppTest -->
    </test> <!-- Surefire test -->
  </suite> <!-- Surefire suite -->
</testng-results>
